Copyright 1986-2018 Xilinx, Inc. All Rights Reserved.
---------------------------------------------------------------------------------------------
| Tool Version : Vivado v.2018.3 (win64) Build 2405991 Thu Dec  6 23:38:27 MST 2018
| Date         : Mon Dec  2 17:11:28 2019
| Host         : HIT109-13 running 64-bit Service Pack 1  (build 7601)
| Command      : report_control_sets -verbose -file design_1_wrapper_control_sets_placed.rpt
| Design       : design_1_wrapper
| Device       : xc7z020
---------------------------------------------------------------------------------------------

Control Set Information

Table of Contents
-----------------
1. Summary
2. Histogram
3. Flip-Flop Distribution
4. Detailed Control Set Information

1. Summary
----------

+----------------------------------------------------------+-------+
|                          Status                          | Count |
+----------------------------------------------------------+-------+
| Number of unique control sets                            |   180 |
| Unused register locations in slices containing registers |   592 |
+----------------------------------------------------------+-------+


2. Histogram
------------

+--------+--------------+
| Fanout | Control Sets |
+--------+--------------+
|      1 |            9 |
|      2 |            4 |
|      4 |           17 |
|      5 |           19 |
|      6 |            9 |
|      8 |           10 |
|      9 |            2 |
|     10 |            4 |
|     12 |            5 |
|     13 |            1 |
|     14 |            2 |
|     15 |            1 |
|    16+ |           97 |
+--------+--------------+


3. Flip-Flop Distribution
-------------------------

+--------------+-----------------------+------------------------+-----------------+--------------+
| Clock Enable | Synchronous Set/Reset | Asynchronous Set/Reset | Total Registers | Total Slices |
+--------------+-----------------------+------------------------+-----------------+--------------+
| No           | No                    | No                     |             201 |           88 |
| No           | No                    | Yes                    |               0 |            0 |
| No           | Yes                   | No                     |             223 |          112 |
| Yes          | No                    | No                     |            2774 |          766 |
| Yes          | No                    | Yes                    |               0 |            0 |
| Yes          | Yes                   | No                     |            1330 |          342 |
+--------------+-----------------------+------------------------+-----------------+--------------+


4. Detailed Control Set Information
-----------------------------------

+-------------------------------------------------+-----------------------------------------------------------------------------------------------------------------------------------------------------------------------------------------------------+-------------------------------------------------------------------------------------------------------------------------------------------------------+------------------+----------------+
|                   Clock Signal                  |                                                                                            Enable Signal                                                                                            |                                                                    Set/Reset Signal                                                                   | Slice Load Count | Bel Load Count |
+-------------------------------------------------+-----------------------------------------------------------------------------------------------------------------------------------------------------------------------------------------------------+-------------------------------------------------------------------------------------------------------------------------------------------------------+------------------+----------------+
|  design_1_i/processing_system7_0/inst/FCLK_CLK0 |                                                                                                                                                                                                     | design_1_i/axi_smc/inst/s00_nodes/s00_r_node/inst/s_sc_areset_pipe                                                                                    |                1 |              1 |
|  design_1_i/processing_system7_0/inst/FCLK_CLK0 | design_1_i/ps7_0_axi_periph/s00_couplers/auto_pc/inst/gen_axilite.gen_b2s_conv.axilite_b2s/WR.aw_channel_0/aw_cmd_fsm_0/m_axi_awready_1                                                             | design_1_i/ps7_0_axi_periph/s00_couplers/auto_pc/inst/gen_axilite.gen_b2s_conv.axilite_b2s/WR.aw_channel_0/aw_cmd_fsm_0/m_axi_awready_0               |                1 |              1 |
|  design_1_i/processing_system7_0/inst/FCLK_CLK0 |                                                                                                                                                                                                     | design_1_i/axi_smc/inst/s00_nodes/s00_ar_node/inst/s_sc_areset_pipe                                                                                   |                1 |              1 |
|  design_1_i/processing_system7_0/inst/FCLK_CLK0 |                                                                                                                                                                                                     | design_1_i/axi_smc/inst/s00_nodes/s00_aw_node/inst/s_sc_areset_pipe                                                                                   |                1 |              1 |
|  design_1_i/processing_system7_0/inst/FCLK_CLK0 |                                                                                                                                                                                                     | design_1_i/axi_smc/inst/s00_nodes/s00_b_node/inst/s_sc_areset_pipe                                                                                    |                1 |              1 |
|  design_1_i/processing_system7_0/inst/FCLK_CLK0 | design_1_i/axi_smc/inst/s00_nodes/s00_w_node/inst/inst_mi_handler/gen_normal_area.gen_upsizer.inst_upsizer/first_xfer                                                                               |                                                                                                                                                       |                1 |              1 |
|  design_1_i/processing_system7_0/inst/FCLK_CLK0 |                                                                                                                                                                                                     | design_1_i/axi_smc/inst/s00_nodes/s00_w_node/inst/s_sc_areset_pipe                                                                                    |                1 |              1 |
|  design_1_i/processing_system7_0/inst/FCLK_CLK0 | design_1_i/axi_smc/inst/m00_exit_pipeline/m00_exit/inst/splitter_inst/gen_axi3.splitter_inst/gen_wsplitter.gen_wthread_loop[0].b_split_fifo/gen_srls[0].srl_nx1/shift_qual                          |                                                                                                                                                       |                1 |              1 |
|  design_1_i/processing_system7_0/inst/FCLK_CLK0 | design_1_i/axi_smc/inst/m00_exit_pipeline/m00_exit/inst/splitter_inst/gen_axi3.splitter_inst/gen_rsplitter.gen_rthread_loop[0].r_split_fifo/gen_srls[0].srl_nx1/shift_qual                          |                                                                                                                                                       |                1 |              1 |
|  design_1_i/processing_system7_0/inst/FCLK_CLK0 | design_1_i/ps7_0_axi_periph/s00_couplers/auto_pc/inst/gen_axilite.gen_b2s_conv.axilite_b2s/WR.b_channel_0/bid_fifo_0/sel                                                                            |                                                                                                                                                       |                1 |              2 |
|  design_1_i/processing_system7_0/inst/FCLK_CLK0 | design_1_i/conv_0/inst/conv_gmem_m_axi_U/bus_write/fifo_wreq/E[0]                                                                                                                                   | design_1_i/conv_0/inst/conv_gmem_m_axi_U/bus_write/fifo_wreq/SR[0]                                                                                    |                1 |              2 |
|  design_1_i/processing_system7_0/inst/FCLK_CLK0 | design_1_i/conv_0/inst/conv_gmem_m_axi_U/bus_write/bus_equal_gen.fifo_burst/could_multi_bursts.next_loop                                                                                            |                                                                                                                                                       |                1 |              2 |
|  design_1_i/processing_system7_0/inst/FCLK_CLK0 | design_1_i/conv_0/inst/conv_gmem_m_axi_U/bus_write/fifo_resp/pop0                                                                                                                                   | design_1_i/conv_0/inst/conv_gmem_m_axi_U/bus_write/buff_wdata/ap_rst_n_0                                                                              |                1 |              2 |
|  design_1_i/processing_system7_0/inst/FCLK_CLK0 |                                                                                                                                                                                                     | design_1_i/axi_smc/inst/clk_map/psr_aclk/U0/EXT_LPF/lpf_int                                                                                           |                2 |              4 |
|  design_1_i/processing_system7_0/inst/FCLK_CLK0 | design_1_i/axi_smc/inst/m00_exit_pipeline/m00_exit/inst/exit_inst/gen_w_cmd_fifo.w_cmd_fifo/fifoaddr[3]_i_1__2_n_0                                                                                  | design_1_i/axi_smc/inst/m00_exit_pipeline/m00_exit/inst/areset                                                                                        |                1 |              4 |
|  design_1_i/processing_system7_0/inst/FCLK_CLK0 | design_1_i/conv_0/inst/conv_gmem_m_axi_U/bus_write/buff_wdata/E[0]                                                                                                                                  | design_1_i/conv_0/inst/conv_gmem_m_axi_U/bus_write/buff_wdata/ap_rst_n_0                                                                              |                2 |              4 |
|  design_1_i/processing_system7_0/inst/FCLK_CLK0 |                                                                                                                                                                                                     | design_1_i/axi_smc/inst/s00_nodes/s00_w_node/inst/inst_mi_handler/areset_r                                                                            |                3 |              4 |
|  design_1_i/processing_system7_0/inst/FCLK_CLK0 | design_1_i/axi_smc/inst/s00_entry_pipeline/s00_si_converter/inst/splitter_inst/gen_no_wsplitter.gen_endpoint_woffset.gen_wbypass_offset_fifo.wbypass_offset_fifo/fifoaddr[3]_i_1_n_0                | design_1_i/axi_smc/inst/s00_entry_pipeline/s00_si_converter/inst/areset                                                                               |                1 |              4 |
|  design_1_i/processing_system7_0/inst/FCLK_CLK0 |                                                                                                                                                                                                     | design_1_i/ps7_0_axi_periph/s00_couplers/auto_pc/inst/gen_axilite.gen_b2s_conv.axilite_b2s/SI_REG/aw.aw_pipe/aresetn_d_reg[0]_0                       |                2 |              4 |
|  design_1_i/processing_system7_0/inst/FCLK_CLK0 |                                                                                                                                                                                                     | design_1_i/ps7_0_axi_periph/s00_couplers/auto_pc/inst/gen_axilite.gen_b2s_conv.axilite_b2s/SI_REG/ar.ar_pipe/aresetn_d_reg[1]_inv_0                   |                2 |              4 |
|  design_1_i/processing_system7_0/inst/FCLK_CLK0 |                                                                                                                                                                                                     | design_1_i/rst_ps7_0_100M/U0/EXT_LPF/lpf_int                                                                                                          |                1 |              4 |
|  design_1_i/processing_system7_0/inst/FCLK_CLK0 | design_1_i/conv_0/inst/conv_gmem_m_axi_U/bus_read/fifo_rctl/full_n_reg_5                                                                                                                            | design_1_i/conv_0/inst/conv_gmem_m_axi_U/bus_write/buff_wdata/ap_rst_n_0                                                                              |                1 |              4 |
|  design_1_i/processing_system7_0/inst/FCLK_CLK0 | design_1_i/axi_smc/inst/m00_exit_pipeline/m00_exit/inst/exit_inst/gen_r_cmd_fifo.r_cmd_fifo/fifoaddr[3]_i_1__3_n_0                                                                                  | design_1_i/axi_smc/inst/m00_exit_pipeline/m00_exit/inst/areset                                                                                        |                1 |              4 |
|  design_1_i/processing_system7_0/inst/FCLK_CLK0 | design_1_i/conv_0/inst/conv_gmem_m_axi_U/bus_read/fifo_rctl/pout[3]_i_1__0_n_2                                                                                                                      | design_1_i/conv_0/inst/conv_gmem_m_axi_U/bus_write/buff_wdata/ap_rst_n_0                                                                              |                1 |              4 |
|  design_1_i/processing_system7_0/inst/FCLK_CLK0 | design_1_i/axi_smc/inst/m00_exit_pipeline/m00_exit/inst/splitter_inst/gen_axi3.splitter_inst/gen_wsplitter.gen_wthread_loop[0].b_split_fifo/fifoaddr[3]_i_1__0_n_0                                  | design_1_i/axi_smc/inst/m00_exit_pipeline/m00_exit/inst/areset                                                                                        |                2 |              4 |
|  design_1_i/processing_system7_0/inst/FCLK_CLK0 | design_1_i/axi_smc/inst/m00_exit_pipeline/m00_exit/inst/splitter_inst/gen_axi3.splitter_inst/gen_rsplitter.gen_rthread_loop[0].r_split_fifo/fifoaddr[3]_i_1__1_n_0                                  | design_1_i/axi_smc/inst/m00_exit_pipeline/m00_exit/inst/areset                                                                                        |                1 |              4 |
|  design_1_i/processing_system7_0/inst/FCLK_CLK0 | design_1_i/axi_smc/inst/m00_exit_pipeline/m00_exit/inst/splitter_inst/gen_axi3.splitter_inst/ar_cmd_reg/skid_buffer[1144]_i_1__0_n_0                                                                | design_1_i/axi_smc/inst/m00_exit_pipeline/m00_exit/inst/splitter_inst/gen_axi3.splitter_inst/ar_cmd_reg/skid_buffer[185]_i_1_n_0                      |                2 |              4 |
|  design_1_i/processing_system7_0/inst/FCLK_CLK0 | design_1_i/conv_0/inst/conv_gmem_m_axi_U/bus_write/bus_equal_gen.fifo_burst/push                                                                                                                    |                                                                                                                                                       |                1 |              4 |
|  design_1_i/processing_system7_0/inst/FCLK_CLK0 | design_1_i/axi_smc/inst/m00_exit_pipeline/m00_exit/inst/splitter_inst/gen_axi3.splitter_inst/gen_wsplitter.w_split_fifo/fifoaddr[3]_i_1_n_0                                                         | design_1_i/axi_smc/inst/m00_exit_pipeline/m00_exit/inst/areset                                                                                        |                1 |              4 |
|  design_1_i/processing_system7_0/inst/FCLK_CLK0 | design_1_i/conv_0/inst/conv_gmem_m_axi_U/bus_write/fifo_resp/pout[3]_i_1_n_2                                                                                                                        | design_1_i/conv_0/inst/conv_gmem_m_axi_U/bus_write/buff_wdata/ap_rst_n_0                                                                              |                2 |              4 |
|  design_1_i/processing_system7_0/inst/FCLK_CLK0 | design_1_i/axi_smc/inst/s00_entry_pipeline/s00_mmu/inst/ar_sreg/E[0]                                                                                                                                | design_1_i/axi_smc/inst/s00_entry_pipeline/s00_mmu/inst/areset                                                                                        |                2 |              5 |
|  design_1_i/processing_system7_0/inst/FCLK_CLK0 | design_1_i/conv_0/inst/conv_gmem_m_axi_U/bus_read/rs_rdata/exitcond_flatten_reg_1084_reg[0]_0[0]                                                                                                    |                                                                                                                                                       |                2 |              5 |
|  design_1_i/processing_system7_0/inst/FCLK_CLK0 | design_1_i/axi_smc/inst/m00_exit_pipeline/m00_exit/inst/splitter_inst/gen_axi3.splitter_inst/aw_cmd_reg/E[0]                                                                                        | design_1_i/axi_smc/inst/m00_exit_pipeline/m00_exit/inst/areset                                                                                        |                2 |              5 |
|  design_1_i/processing_system7_0/inst/FCLK_CLK0 | design_1_i/conv_0/inst/conv_gmem_m_axi_U/bus_read/rs_rdata/ap_CS_fsm_reg[1]_0[0]                                                                                                                    | design_1_i/conv_0/inst/conv_gmem_m_axi_U/bus_read/rs_rdata/SS[0]                                                                                      |                1 |              5 |
|  design_1_i/processing_system7_0/inst/FCLK_CLK0 | design_1_i/conv_0/inst/conv_gmem_m_axi_U/bus_read/rs_rdata/ap_enable_reg_pp0_iter0_reg_2[0]                                                                                                         |                                                                                                                                                       |                2 |              5 |
|  design_1_i/processing_system7_0/inst/FCLK_CLK0 | design_1_i/axi_smc/inst/m00_exit_pipeline/m00_exit/inst/splitter_inst/gen_axi3.splitter_inst/gen_wsplitter.w_split_fifo/gen_srls[4].srl_nx1/shift_qual                                              |                                                                                                                                                       |                2 |              5 |
|  design_1_i/processing_system7_0/inst/FCLK_CLK0 | design_1_i/ps7_0_axi_periph/s00_couplers/auto_pc/inst/gen_axilite.gen_b2s_conv.axilite_b2s/RD.ar_channel_0/ar_cmd_fsm_0/m_valid_i_reg                                                               | design_1_i/ps7_0_axi_periph/s00_couplers/auto_pc/inst/gen_axilite.gen_b2s_conv.axilite_b2s/RD.ar_channel_0/ar_cmd_fsm_0/FSM_sequential_state_reg[0]_0 |                2 |              5 |
|  design_1_i/processing_system7_0/inst/FCLK_CLK0 | design_1_i/ps7_0_axi_periph/s00_couplers/auto_pc/inst/gen_axilite.gen_b2s_conv.axilite_b2s/RD.r_channel_0/rd_data_fifo_0/cnt_read[4]_i_1_n_0                                                        | design_1_i/ps7_0_axi_periph/s00_couplers/auto_pc/inst/gen_axilite.gen_b2s_conv.axilite_b2s/areset_d1                                                  |                2 |              5 |
|  design_1_i/processing_system7_0/inst/FCLK_CLK0 | design_1_i/axi_smc/inst/m00_exit_pipeline/m00_exit/inst/splitter_inst/gen_axi3.splitter_inst/gen_wsplitter.w_split_fifo/gen_pipelined.mesg_reg                                                      |                                                                                                                                                       |                2 |              5 |
|  design_1_i/processing_system7_0/inst/FCLK_CLK0 | design_1_i/conv_0/inst/conv_gmem_m_axi_U/bus_write/bus_equal_gen.fifo_burst/empty_n_i_1__3_n_2                                                                                                      | design_1_i/conv_0/inst/conv_gmem_m_axi_U/bus_write/buff_wdata/ap_rst_n_0                                                                              |                2 |              5 |
|  design_1_i/processing_system7_0/inst/FCLK_CLK0 | design_1_i/ps7_0_axi_periph/s00_couplers/auto_pc/inst/gen_axilite.gen_b2s_conv.axilite_b2s/RD.r_channel_0/rd_data_fifo_0/E[0]                                                                       | design_1_i/ps7_0_axi_periph/s00_couplers/auto_pc/inst/gen_axilite.gen_b2s_conv.axilite_b2s/areset_d1                                                  |                2 |              5 |
|  design_1_i/processing_system7_0/inst/FCLK_CLK0 | design_1_i/axi_smc/inst/s00_entry_pipeline/s00_si_converter/inst/splitter_inst/gen_no_wsplitter.gen_endpoint_woffset.gen_wbypass_offset_fifo.wbypass_offset_fifo/gen_pipelined.mesg_reg[13]_i_1_n_0 |                                                                                                                                                       |                2 |              5 |
|  design_1_i/processing_system7_0/inst/FCLK_CLK0 | design_1_i/axi_smc/inst/s00_entry_pipeline/s00_si_converter/inst/splitter_inst/gen_no_wsplitter.gen_endpoint_woffset.gen_wbypass_offset_fifo.wbypass_offset_fifo/gen_srls[13].srl_nx1/shift         |                                                                                                                                                       |                2 |              5 |
|  design_1_i/processing_system7_0/inst/FCLK_CLK0 | design_1_i/conv_0/inst/conv_AXILiteS_s_axi_U/ar_hs                                                                                                                                                  |                                                                                                                                                       |                2 |              5 |
|  design_1_i/processing_system7_0/inst/FCLK_CLK0 | design_1_i/axi_smc/inst/m00_exit_pipeline/m00_exit/inst/splitter_inst/gen_axi3.splitter_inst/ar_cmd_reg/skid_buffer[1144]_i_1__0_n_0                                                                | design_1_i/axi_smc/inst/m00_exit_pipeline/m00_exit/inst/splitter_inst/gen_axi3.splitter_inst/ar_cmd_reg/skid_buffer[146]_i_1__0_n_0                   |                1 |              5 |
|  design_1_i/processing_system7_0/inst/FCLK_CLK0 | design_1_i/axi_smc/inst/s00_entry_pipeline/s00_mmu/inst/w_sreg/E[0]                                                                                                                                 | design_1_i/axi_smc/inst/s00_entry_pipeline/s00_mmu/inst/areset                                                                                        |                3 |              5 |
|  design_1_i/processing_system7_0/inst/FCLK_CLK0 | design_1_i/axi_smc/inst/m00_exit_pipeline/m00_exit/inst/splitter_inst/gen_axi3.splitter_inst/aw_cmd_reg/skid_buffer[1144]_i_1_n_0                                                                   | design_1_i/axi_smc/inst/m00_exit_pipeline/m00_exit/inst/splitter_inst/gen_axi3.splitter_inst/aw_cmd_reg/skid_buffer[146]_i_1_n_0                      |                2 |              5 |
|  design_1_i/processing_system7_0/inst/FCLK_CLK0 | design_1_i/axi_smc/inst/s00_entry_pipeline/s00_mmu/inst/aw_sreg/E[0]                                                                                                                                | design_1_i/axi_smc/inst/s00_entry_pipeline/s00_mmu/inst/areset                                                                                        |                2 |              5 |
|  design_1_i/processing_system7_0/inst/FCLK_CLK0 | design_1_i/axi_smc/inst/m00_exit_pipeline/m00_exit/inst/splitter_inst/gen_axi3.splitter_inst/ar_cmd_reg/E[0]                                                                                        | design_1_i/axi_smc/inst/m00_exit_pipeline/m00_exit/inst/areset                                                                                        |                2 |              5 |
|  design_1_i/processing_system7_0/inst/FCLK_CLK0 | design_1_i/conv_0/inst/conv_gmem_m_axi_U/bus_read/rs_rreq/exitcond_flatten_reg_1084_reg[0]                                                                                                          | design_1_i/conv_0/inst/conv_gmem_m_axi_U/bus_write/buff_wdata/ap_rst_n_0                                                                              |                2 |              6 |
|  design_1_i/processing_system7_0/inst/FCLK_CLK0 | design_1_i/conv_0/inst/conv_AXILiteS_s_axi_U/waddr                                                                                                                                                  |                                                                                                                                                       |                2 |              6 |
|  design_1_i/processing_system7_0/inst/FCLK_CLK0 | design_1_i/axi_smc/inst/m00_exit_pipeline/m00_exit/inst/exit_inst/gen_r_cmd_fifo.r_cmd_fifo/gen_srls[15].srl_nx1/shift_qual                                                                         |                                                                                                                                                       |                2 |              6 |
|  design_1_i/processing_system7_0/inst/FCLK_CLK0 | design_1_i/conv_0/inst/conv_gmem_m_axi_U/bus_read/fifo_rctl/could_multi_bursts.ARVALID_Dummy_reg[0]                                                                                                 | design_1_i/conv_0/inst/conv_gmem_m_axi_U/bus_read/fifo_rctl/ap_rst_n_0[0]                                                                             |                2 |              6 |
|  design_1_i/processing_system7_0/inst/FCLK_CLK0 | design_1_i/conv_0/inst/conv_gmem_m_axi_U/bus_write/bus_equal_gen.fifo_burst/could_multi_bursts.next_loop                                                                                            | design_1_i/conv_0/inst/conv_gmem_m_axi_U/bus_write/bus_equal_gen.fifo_burst/ap_rst_n_0[0]                                                             |                2 |              6 |
|  design_1_i/processing_system7_0/inst/FCLK_CLK0 | design_1_i/axi_smc/inst/m00_exit_pipeline/m00_exit/inst/exit_inst/gen_r_cmd_fifo.r_cmd_fifo/gen_pipelined.mesg_reg                                                                                  |                                                                                                                                                       |                2 |              6 |
|  design_1_i/processing_system7_0/inst/FCLK_CLK0 | design_1_i/axi_smc/inst/clk_map/psr_aclk/U0/SEQ/seq_cnt_en                                                                                                                                          | design_1_i/axi_smc/inst/clk_map/psr_aclk/U0/SEQ/SEQ_COUNTER/clear                                                                                     |                1 |              6 |
|  design_1_i/processing_system7_0/inst/FCLK_CLK0 | design_1_i/rst_ps7_0_100M/U0/SEQ/seq_cnt_en                                                                                                                                                         | design_1_i/rst_ps7_0_100M/U0/SEQ/SEQ_COUNTER/clear                                                                                                    |                1 |              6 |
|  design_1_i/processing_system7_0/inst/FCLK_CLK0 | design_1_i/axi_smc/inst/s00_nodes/s00_b_node/inst/inst_mi_handler/gen_normal_area.inst_fifo_node_payld/gen_xpm_memory_fifo.inst_fifo/gen_mem_rep[0].inst_rd_addrb/rd_addrb_incr                     | design_1_i/axi_smc/inst/s00_nodes/s00_b_node/inst/inst_mi_handler/m_sc_areset_r                                                                       |                3 |              6 |
|  design_1_i/processing_system7_0/inst/FCLK_CLK0 | design_1_i/conv_0/inst/conv_gmem_m_axi_U/bus_read/buff_rdata/usedw[7]_i_1__0_n_2                                                                                                                    | design_1_i/conv_0/inst/conv_gmem_m_axi_U/bus_write/buff_wdata/ap_rst_n_0                                                                              |                3 |              8 |
|  design_1_i/processing_system7_0/inst/FCLK_CLK0 | design_1_i/ps7_0_axi_periph/s00_couplers/auto_pc/inst/gen_axilite.gen_b2s_conv.axilite_b2s/WR.aw_channel_0/aw_cmd_fsm_0/E[0]                                                                        |                                                                                                                                                       |                4 |              8 |
|  design_1_i/processing_system7_0/inst/FCLK_CLK0 | design_1_i/conv_0/inst/conv_gmem_m_axi_U/bus_write/buff_wdata/E[0]                                                                                                                                  | design_1_i/conv_0/inst/conv_gmem_m_axi_U/bus_write/bus_equal_gen.fifo_burst/ap_rst_n_2[0]                                                             |                3 |              8 |
|  design_1_i/processing_system7_0/inst/FCLK_CLK0 | design_1_i/ps7_0_axi_periph/s00_couplers/auto_pc/inst/gen_axilite.gen_b2s_conv.axilite_b2s/WR.b_channel_0/mhandshake_r                                                                              | design_1_i/ps7_0_axi_periph/s00_couplers/auto_pc/inst/gen_axilite.gen_b2s_conv.axilite_b2s/WR.b_channel_0/bid_fifo_0/SR[0]                            |                3 |              8 |
|  design_1_i/processing_system7_0/inst/FCLK_CLK0 | design_1_i/ps7_0_axi_periph/s00_couplers/auto_pc/inst/gen_axilite.gen_b2s_conv.axilite_b2s/WR.aw_channel_0/cmd_translator_0/incr_cmd_0/axaddr_incr[11]_i_1_n_0                                      |                                                                                                                                                       |                3 |              8 |
|  design_1_i/processing_system7_0/inst/FCLK_CLK0 | design_1_i/axi_smc/inst/s00_entry_pipeline/s00_mmu/inst/gen_endpoint.decerr_slave_inst/gen_axi.gen_read.read_cnt[7]_i_1_n_0                                                                         | design_1_i/axi_smc/inst/s00_entry_pipeline/s00_mmu/inst/areset                                                                                        |                2 |              8 |
|  design_1_i/processing_system7_0/inst/FCLK_CLK0 | design_1_i/conv_0/inst/conv_gmem_m_axi_U/bus_write/buff_wdata/usedw[7]_i_1_n_2                                                                                                                      | design_1_i/conv_0/inst/conv_gmem_m_axi_U/bus_write/buff_wdata/ap_rst_n_0                                                                              |                3 |              8 |
|  design_1_i/processing_system7_0/inst/FCLK_CLK0 | design_1_i/ps7_0_axi_periph/s00_couplers/auto_pc/inst/gen_axilite.gen_b2s_conv.axilite_b2s/RD.ar_channel_0/ar_cmd_fsm_0/sel_first_reg[0]                                                            |                                                                                                                                                       |                3 |              8 |
|  design_1_i/processing_system7_0/inst/FCLK_CLK0 | design_1_i/ps7_0_axi_periph/s00_couplers/auto_pc/inst/gen_axilite.gen_b2s_conv.axilite_b2s/RD.ar_channel_0/ar_cmd_fsm_0/E[0]                                                                        |                                                                                                                                                       |                5 |              8 |
|  design_1_i/processing_system7_0/inst/FCLK_CLK0 | design_1_i/conv_0/inst/conv_gmem_m_axi_U/bus_write/E[0]                                                                                                                                             | design_1_i/conv_0/inst/conv_gmem_m_axi_U/bus_write/buff_wdata/ap_rst_n_0                                                                              |                2 |              8 |
|  design_1_i/processing_system7_0/inst/FCLK_CLK0 | design_1_i/axi_smc/inst/m00_exit_pipeline/m00_exit/inst/splitter_inst/gen_axi3.splitter_inst/gen_wsplitter.w_split_fifo/E[0]                                                                        | design_1_i/axi_smc/inst/m00_exit_pipeline/m00_exit/inst/areset                                                                                        |                4 |              9 |
|  design_1_i/processing_system7_0/inst/FCLK_CLK0 | design_1_i/conv_0/inst/conv_gmem_m_axi_U/bus_read/rs_rdata/ap_CS_fsm_reg[1]_0[0]                                                                                                                    |                                                                                                                                                       |                5 |              9 |
|  design_1_i/processing_system7_0/inst/FCLK_CLK0 | design_1_i/conv_0/inst/conv_gmem_m_axi_U/bus_write/bus_equal_gen.fifo_burst/last_sect_buf                                                                                                           | design_1_i/conv_0/inst/conv_gmem_m_axi_U/bus_write/bus_equal_gen.fifo_burst/ap_rst_n_1[0]                                                             |                2 |             10 |
|  design_1_i/processing_system7_0/inst/FCLK_CLK0 | design_1_i/conv_0/inst/conv_gmem_m_axi_U/bus_read/rs_rdata/ap_enable_reg_pp0_iter0_reg_1[0]                                                                                                         |                                                                                                                                                       |                7 |             10 |
|  design_1_i/processing_system7_0/inst/FCLK_CLK0 | design_1_i/conv_0/inst/conv_gmem_m_axi_U/bus_read/fifo_rctl/full_n_reg_8[0]                                                                                                                         | design_1_i/conv_0/inst/conv_gmem_m_axi_U/bus_read/fifo_rctl/ap_rst_n_1[0]                                                                             |                2 |             10 |
|  design_1_i/processing_system7_0/inst/FCLK_CLK0 |                                                                                                                                                                                                     | design_1_i/ps7_0_axi_periph/s00_couplers/auto_pc/inst/gen_axilite.gen_b2s_conv.axilite_b2s/areset_d1                                                  |                5 |             10 |
|  design_1_i/processing_system7_0/inst/FCLK_CLK0 | design_1_i/axi_smc/inst/s00_nodes/s00_w_node/inst/inst_mi_handler/gen_normal_area.gen_upsizer.inst_upsizer/gen_normal_area.upsizer_valid                                                            | design_1_i/axi_smc/inst/s00_nodes/s00_w_node/inst/inst_mi_handler/areset_r                                                                            |                4 |             12 |
|  design_1_i/processing_system7_0/inst/FCLK_CLK0 | design_1_i/axi_smc/inst/s00_nodes/s00_r_node/inst/inst_si_handler/inst_arb_stall_late/s_sc_valid                                                                                                    | design_1_i/axi_smc/inst/s00_nodes/s00_r_node/inst/inst_mi_handler/areset_r                                                                            |                6 |             12 |
|  design_1_i/processing_system7_0/inst/FCLK_CLK0 | design_1_i/axi_smc/inst/s00_nodes/s00_b_node/inst/inst_si_handler/inst_arb_stall_late/s_sc_valid                                                                                                    | design_1_i/axi_smc/inst/s00_nodes/s00_b_node/inst/inst_mi_handler/areset_r                                                                            |                6 |             12 |
|  design_1_i/processing_system7_0/inst/FCLK_CLK0 | design_1_i/axi_smc/inst/s00_nodes/s00_aw_node/inst/inst_si_handler/inst_arb_stall_late/s_sc_valid                                                                                                   | design_1_i/axi_smc/inst/s00_nodes/s00_aw_node/inst/inst_mi_handler/areset_r                                                                           |                4 |             12 |
|  design_1_i/processing_system7_0/inst/FCLK_CLK0 | design_1_i/axi_smc/inst/s00_nodes/s00_ar_node/inst/inst_si_handler/inst_arb_stall_late/s_sc_valid                                                                                                   | design_1_i/axi_smc/inst/s00_nodes/s00_ar_node/inst/inst_mi_handler/areset_r                                                                           |                5 |             12 |
|  design_1_i/processing_system7_0/inst/FCLK_CLK0 | design_1_i/ps7_0_axi_periph/s00_couplers/auto_pc/inst/gen_axilite.gen_b2s_conv.axilite_b2s/RD.r_channel_0/r_push_r                                                                                  |                                                                                                                                                       |                4 |             13 |
|  design_1_i/processing_system7_0/inst/FCLK_CLK0 | design_1_i/ps7_0_axi_periph/s00_couplers/auto_pc/inst/gen_axilite.gen_b2s_conv.axilite_b2s/SI_REG/b.b_pipe/s_ready_i_reg_0                                                                          |                                                                                                                                                       |                2 |             14 |
|  design_1_i/processing_system7_0/inst/FCLK_CLK0 | design_1_i/ps7_0_axi_periph/s00_couplers/auto_pc/inst/gen_axilite.gen_b2s_conv.axilite_b2s/SI_REG/b.b_pipe/p_1_in                                                                                   |                                                                                                                                                       |                2 |             14 |
|  design_1_i/processing_system7_0/inst/FCLK_CLK0 | design_1_i/axi_smc/inst/m00_exit_pipeline/m00_exit/inst/splitter_inst/gen_axi3.splitter_inst/gen_wsplitter.awsplit_len_last_d[3]_i_1_n_0                                                            |                                                                                                                                                       |                4 |             15 |
|  design_1_i/processing_system7_0/inst/FCLK_CLK0 | design_1_i/ps7_0_axi_periph/s00_couplers/auto_pc/inst/gen_axilite.gen_b2s_conv.axilite_b2s/WR.aw_channel_0/aw_cmd_fsm_0/b_push                                                                      |                                                                                                                                                       |                3 |             16 |
|  design_1_i/processing_system7_0/inst/FCLK_CLK0 | design_1_i/conv_0/inst/conv_gmem_m_axi_U/bus_read/rs_rreq/exitcond_flatten_reg_1084_pp0_iter1_reg_reg[0]_3[0]                                                                                       |                                                                                                                                                       |                3 |             17 |
|  design_1_i/processing_system7_0/inst/FCLK_CLK0 | design_1_i/conv_0/inst/conv_gmem_m_axi_U/bus_read/rs_rreq/exitcond_flatten_reg_1084_pp0_iter1_reg_reg[0]_4[0]                                                                                       |                                                                                                                                                       |                6 |             17 |
|  design_1_i/processing_system7_0/inst/FCLK_CLK0 | design_1_i/conv_0/inst/conv_gmem_m_axi_U/bus_read/rs_rdata/gmem_addr_16_read_reg_12260                                                                                                              |                                                                                                                                                       |                4 |             17 |
|  design_1_i/processing_system7_0/inst/FCLK_CLK0 | design_1_i/conv_0/inst/conv_gmem_m_axi_U/bus_read/rs_rdata/gmem_addr_14_read_reg_12610                                                                                                              |                                                                                                                                                       |                4 |             17 |
|  design_1_i/processing_system7_0/inst/FCLK_CLK0 | design_1_i/conv_0/inst/conv_gmem_m_axi_U/bus_read/rs_rdata/gmem_addr_10_read_reg_12460                                                                                                              |                                                                                                                                                       |                5 |             17 |
|  design_1_i/processing_system7_0/inst/FCLK_CLK0 | design_1_i/conv_0/inst/conv_gmem_m_axi_U/bus_read/rs_rdata/gmem_addr_17_read_reg_12810                                                                                                              |                                                                                                                                                       |                6 |             17 |
|  design_1_i/processing_system7_0/inst/FCLK_CLK0 | design_1_i/ps7_0_axi_periph/s00_couplers/auto_pc/inst/gen_axilite.gen_b2s_conv.axilite_b2s/RD.ar_channel_0/ar_cmd_fsm_0/m_valid_i_reg                                                               |                                                                                                                                                       |                7 |             17 |
|  design_1_i/processing_system7_0/inst/FCLK_CLK0 | design_1_i/conv_0/inst/conv_gmem_m_axi_U/bus_read/rs_rdata/exitcond_flatten_reg_1084_reg[0]_2[0]                                                                                                    |                                                                                                                                                       |                5 |             17 |
|  design_1_i/processing_system7_0/inst/FCLK_CLK0 | design_1_i/conv_0/inst/conv_gmem_m_axi_U/bus_read/rs_rreq/exitcond_flatten_reg_1084_pp0_iter1_reg_reg[0]_1[0]                                                                                       |                                                                                                                                                       |                7 |             17 |
|  design_1_i/processing_system7_0/inst/FCLK_CLK0 | design_1_i/axi_smc/inst/m00_exit_pipeline/m00_exit/inst/splitter_inst/gen_axi3.splitter_inst/gen_rsplitter.arsplit_len_last_d[3]_i_1_n_0                                                            |                                                                                                                                                       |                8 |             20 |
|  design_1_i/processing_system7_0/inst/FCLK_CLK0 | design_1_i/conv_0/inst/conv_gmem_m_axi_U/bus_read/rs_rdata/exitcond_flatten_reg_1084_reg[0][0]                                                                                                      | design_1_i/conv_0/inst/conv_AXILiteS_s_axi_U/SR[0]                                                                                                    |                7 |             20 |
|  design_1_i/processing_system7_0/inst/FCLK_CLK0 | design_1_i/conv_0/inst/conv_gmem_m_axi_U/bus_write/fifo_wreq/empty_n_reg_1[0]                                                                                                                       | design_1_i/conv_0/inst/conv_gmem_m_axi_U/bus_write/buff_wdata/ap_rst_n_0                                                                              |                4 |             20 |
|  design_1_i/processing_system7_0/inst/FCLK_CLK0 | design_1_i/conv_0/inst/conv_gmem_m_axi_U/bus_read/fifo_rreq/E[0]                                                                                                                                    | design_1_i/conv_0/inst/conv_gmem_m_axi_U/bus_write/buff_wdata/ap_rst_n_0                                                                              |                4 |             20 |
|  design_1_i/processing_system7_0/inst/FCLK_CLK0 | design_1_i/ps7_0_axi_periph/s00_couplers/auto_pc/inst/gen_axilite.gen_b2s_conv.axilite_b2s/WR.aw_channel_0/aw_cmd_fsm_0/m_axi_awready_1                                                             |                                                                                                                                                       |                8 |             21 |
|  design_1_i/processing_system7_0/inst/FCLK_CLK0 | design_1_i/conv_0/inst/conv_AXILiteS_s_axi_U/ar_hs                                                                                                                                                  | design_1_i/conv_0/inst/conv_AXILiteS_s_axi_U/rdata[31]_i_1_n_2                                                                                        |               13 |             27 |
|  design_1_i/processing_system7_0/inst/FCLK_CLK0 | design_1_i/ps7_0_axi_periph/s00_couplers/auto_pc/inst/gen_axilite.gen_b2s_conv.axilite_b2s/SI_REG/aw.aw_pipe/s_ready_i_reg_0                                                                        |                                                                                                                                                       |                8 |             28 |
|  design_1_i/processing_system7_0/inst/FCLK_CLK0 | design_1_i/ps7_0_axi_periph/s00_couplers/auto_pc/inst/gen_axilite.gen_b2s_conv.axilite_b2s/RD.ar_channel_0/ar_cmd_fsm_0/FSM_sequential_state_reg[1]_0[0]                                            |                                                                                                                                                       |                6 |             28 |
|  design_1_i/processing_system7_0/inst/FCLK_CLK0 | design_1_i/ps7_0_axi_periph/s00_couplers/auto_pc/inst/gen_axilite.gen_b2s_conv.axilite_b2s/SI_REG/ar.ar_pipe/s_ready_i_reg_0                                                                        |                                                                                                                                                       |                5 |             28 |
|  design_1_i/processing_system7_0/inst/FCLK_CLK0 | design_1_i/ps7_0_axi_periph/s00_couplers/auto_pc/inst/gen_axilite.gen_b2s_conv.axilite_b2s/WR.aw_channel_0/aw_cmd_fsm_0/m_valid_i_reg[0]                                                            |                                                                                                                                                       |                7 |             28 |
|  design_1_i/processing_system7_0/inst/FCLK_CLK0 | design_1_i/conv_0/inst/conv_gmem_m_axi_U/bus_write/fifo_wreq/E[0]                                                                                                                                   | design_1_i/conv_0/inst/conv_gmem_m_axi_U/bus_write/buff_wdata/ap_rst_n_0                                                                              |               10 |             30 |
|  design_1_i/processing_system7_0/inst/FCLK_CLK0 | design_1_i/conv_0/inst/conv_gmem_m_axi_U/bus_write/rs_wreq/load_p1                                                                                                                                  |                                                                                                                                                       |                8 |             30 |
|  design_1_i/processing_system7_0/inst/FCLK_CLK0 | design_1_i/conv_0/inst/conv_gmem_m_axi_U/bus_read/fifo_rctl/could_multi_bursts.ARVALID_Dummy_reg[0]                                                                                                 | design_1_i/conv_0/inst/conv_gmem_m_axi_U/bus_write/buff_wdata/ap_rst_n_0                                                                              |                5 |             30 |
|  design_1_i/processing_system7_0/inst/FCLK_CLK0 | design_1_i/conv_0/inst/conv_gmem_m_axi_U/bus_write/rs_wreq/load_p2                                                                                                                                  |                                                                                                                                                       |                6 |             30 |
|  design_1_i/processing_system7_0/inst/FCLK_CLK0 | design_1_i/conv_0/inst/conv_gmem_m_axi_U/bus_read/rs_rreq/load_p1                                                                                                                                   |                                                                                                                                                       |               22 |             30 |
|  design_1_i/processing_system7_0/inst/FCLK_CLK0 | design_1_i/conv_0/inst/conv_gmem_m_axi_U/bus_read/rs_rreq/load_p2                                                                                                                                   |                                                                                                                                                       |               22 |             30 |
|  design_1_i/processing_system7_0/inst/FCLK_CLK0 | design_1_i/conv_0/inst/conv_gmem_m_axi_U/bus_write/bus_equal_gen.fifo_burst/last_sect_buf                                                                                                           | design_1_i/conv_0/inst/conv_gmem_m_axi_U/bus_write/buff_wdata/ap_rst_n_0                                                                              |                7 |             31 |
|  design_1_i/processing_system7_0/inst/FCLK_CLK0 | design_1_i/conv_0/inst/conv_gmem_m_axi_U/bus_write/fifo_wreq/push                                                                                                                                   |                                                                                                                                                       |                5 |             31 |
|  design_1_i/processing_system7_0/inst/FCLK_CLK0 | design_1_i/conv_0/inst/conv_gmem_m_axi_U/bus_read/fifo_rctl/full_n_reg_8[0]                                                                                                                         | design_1_i/conv_0/inst/conv_gmem_m_axi_U/bus_write/buff_wdata/ap_rst_n_0                                                                              |                7 |             31 |
|  design_1_i/processing_system7_0/inst/FCLK_CLK0 | design_1_i/conv_0/inst/conv_gmem_m_axi_U/bus_read/fifo_rreq/push                                                                                                                                    |                                                                                                                                                       |                5 |             31 |
|  design_1_i/processing_system7_0/inst/FCLK_CLK0 | design_1_i/ps7_0_axi_periph/s00_couplers/auto_pc/inst/gen_axilite.gen_b2s_conv.axilite_b2s/RD.r_channel_0/rd_data_fifo_0/wr_en0                                                                     |                                                                                                                                                       |                9 |             32 |
|  design_1_i/processing_system7_0/inst/FCLK_CLK0 | design_1_i/conv_0/inst/conv_gmem_m_axi_U/bus_read/rs_rdata/s_ready_t_reg_2[0]                                                                                                                       |                                                                                                                                                       |                8 |             32 |
|  design_1_i/processing_system7_0/inst/FCLK_CLK0 | design_1_i/conv_0/inst/conv_gmem_m_axi_U/bus_read/rs_rreq/gmem_addr_4_read_reg_12660                                                                                                                |                                                                                                                                                       |                8 |             32 |
|  design_1_i/processing_system7_0/inst/FCLK_CLK0 | design_1_i/conv_0/inst/conv_gmem_m_axi_U/bus_read/rs_rreq/exitcond_flatten_reg_1084_pp0_iter1_reg_reg[0]_0[0]                                                                                       |                                                                                                                                                       |                8 |             32 |
|  design_1_i/processing_system7_0/inst/FCLK_CLK0 | design_1_i/conv_0/inst/conv_gmem_m_axi_U/bus_read/rs_rdata/gmem_addr_2_read_reg_12310                                                                                                               |                                                                                                                                                       |                8 |             32 |
|  design_1_i/processing_system7_0/inst/FCLK_CLK0 | design_1_i/conv_0/inst/conv_gmem_m_axi_U/bus_read/rs_rdata/s_ready_t_reg_3[0]                                                                                                                       |                                                                                                                                                       |                7 |             32 |
|  design_1_i/processing_system7_0/inst/FCLK_CLK0 | design_1_i/conv_0/inst/conv_gmem_m_axi_U/bus_write/buff_wdata/E[0]                                                                                                                                  |                                                                                                                                                       |                9 |             32 |
|  design_1_i/processing_system7_0/inst/FCLK_CLK0 | design_1_i/conv_0/inst/conv_AXILiteS_s_axi_U/int_out_r[31]_i_1_n_2                                                                                                                                  | design_1_i/conv_0/inst/conv_gmem_m_axi_U/bus_write/buff_wdata/ap_rst_n_0                                                                              |                6 |             32 |
|  design_1_i/processing_system7_0/inst/FCLK_CLK0 | design_1_i/conv_0/inst/conv_AXILiteS_s_axi_U/int_kernel[31]_i_1_n_2                                                                                                                                 | design_1_i/conv_0/inst/conv_gmem_m_axi_U/bus_write/buff_wdata/ap_rst_n_0                                                                              |                8 |             32 |
|  design_1_i/processing_system7_0/inst/FCLK_CLK0 | design_1_i/conv_0/inst/conv_gmem_m_axi_U/bus_read/fifo_rctl/E[0]                                                                                                                                    | design_1_i/conv_0/inst/conv_gmem_m_axi_U/bus_write/buff_wdata/ap_rst_n_0                                                                              |                8 |             32 |
|  design_1_i/processing_system7_0/inst/FCLK_CLK0 | design_1_i/conv_0/inst/conv_gmem_m_axi_U/bus_write/fifo_wreq/pop0                                                                                                                                   | design_1_i/conv_0/inst/conv_gmem_m_axi_U/bus_write/buff_wdata/ap_rst_n_0                                                                              |                6 |             32 |
|  design_1_i/processing_system7_0/inst/FCLK_CLK0 | design_1_i/conv_0/inst/conv_gmem_m_axi_U/bus_read/rs_rdata/load_p2                                                                                                                                  |                                                                                                                                                       |               10 |             32 |
|  design_1_i/processing_system7_0/inst/FCLK_CLK0 | design_1_i/conv_0/inst/conv_gmem_m_axi_U/bus_read/fifo_rctl/rreq_handling_reg                                                                                                                       | design_1_i/conv_0/inst/conv_gmem_m_axi_U/bus_write/buff_wdata/ap_rst_n_0                                                                              |                6 |             32 |
|  design_1_i/processing_system7_0/inst/FCLK_CLK0 | design_1_i/conv_0/inst/conv_AXILiteS_s_axi_U/int_A[31]_i_1_n_2                                                                                                                                      | design_1_i/conv_0/inst/conv_gmem_m_axi_U/bus_write/buff_wdata/ap_rst_n_0                                                                              |                5 |             32 |
|  design_1_i/processing_system7_0/inst/FCLK_CLK0 | design_1_i/axi_smc/inst/m00_exit_pipeline/m00_exit/inst/splitter_inst/gen_axi3.splitter_inst/ar_cmd_reg/gen_rsplitter.artrans_cntr                                                                  |                                                                                                                                                       |               11 |             33 |
|  design_1_i/processing_system7_0/inst/FCLK_CLK0 | design_1_i/conv_0/inst/conv_gmem_m_axi_U/bus_read/buff_rdata/pop                                                                                                                                    | design_1_i/conv_0/inst/conv_gmem_m_axi_U/bus_write/buff_wdata/ap_rst_n_0                                                                              |                6 |             33 |
|  design_1_i/processing_system7_0/inst/FCLK_CLK0 | design_1_i/axi_smc/inst/m00_exit_pipeline/m00_exit/inst/splitter_inst/gen_axi3.splitter_inst/aw_cmd_reg/gen_wsplitter.awtrans_cntr                                                                  |                                                                                                                                                       |               12 |             33 |
|  design_1_i/processing_system7_0/inst/FCLK_CLK0 | design_1_i/conv_0/inst/conv_gmem_m_axi_U/bus_write/bus_equal_gen.fifo_burst/could_multi_bursts.next_loop                                                                                            | design_1_i/conv_0/inst/conv_gmem_m_axi_U/bus_write/buff_wdata/ap_rst_n_0                                                                              |                6 |             34 |
|  design_1_i/processing_system7_0/inst/FCLK_CLK0 | design_1_i/axi_smc/inst/s00_entry_pipeline/s00_mmu/inst/r_sreg/skid_buffer[1088]_i_2_n_0                                                                                                            | design_1_i/axi_smc/inst/s00_entry_pipeline/s00_mmu/inst/r_sreg/skid_buffer[1088]_i_1_n_0                                                              |                7 |             34 |
|  design_1_i/processing_system7_0/inst/FCLK_CLK0 | design_1_i/axi_smc/inst/s00_entry_pipeline/s00_mmu/inst/r_sreg/m_vector_i                                                                                                                           |                                                                                                                                                       |               12 |             35 |
|  design_1_i/processing_system7_0/inst/FCLK_CLK0 | design_1_i/axi_smc/inst/s00_nodes/s00_w_node/inst/inst_mi_handler/gen_normal_area.gen_upsizer.inst_upsizer/gen_w_ch.accum                                                                           |                                                                                                                                                       |                9 |             36 |
|  design_1_i/processing_system7_0/inst/FCLK_CLK0 | design_1_i/axi_smc/inst/s00_nodes/s00_w_node/inst/inst_mi_handler/gen_normal_area.gen_upsizer.inst_upsizer/gen_w_ch.accum[bytes][0][userdata][7]_i_1_n_0                                            |                                                                                                                                                       |                8 |             36 |
|  design_1_i/processing_system7_0/inst/FCLK_CLK0 | design_1_i/axi_smc/inst/s00_entry_pipeline/s00_mmu/inst/ar_reg_stall/m_vector_i                                                                                                                     |                                                                                                                                                       |                7 |             37 |
|  design_1_i/processing_system7_0/inst/FCLK_CLK0 | design_1_i/axi_smc/inst/s00_entry_pipeline/s00_mmu/inst/ar_reg_stall/skid_buffer[1144]_i_1_n_0                                                                                                      |                                                                                                                                                       |                7 |             37 |
|  design_1_i/processing_system7_0/inst/FCLK_CLK0 | design_1_i/axi_smc/inst/s00_entry_pipeline/s00_mmu/inst/w_sreg/m_vector_i                                                                                                                           |                                                                                                                                                       |                7 |             37 |
|  design_1_i/processing_system7_0/inst/FCLK_CLK0 | design_1_i/axi_smc/inst/s00_entry_pipeline/s00_mmu/inst/aw_reg_stall/skid_buffer[1144]_i_1__0_n_0                                                                                                   |                                                                                                                                                       |               10 |             37 |
|  design_1_i/processing_system7_0/inst/FCLK_CLK0 | design_1_i/axi_smc/inst/s00_entry_pipeline/s00_mmu/inst/w_sreg/skid_buffer[2052]_i_1_n_0                                                                                                            |                                                                                                                                                       |                8 |             37 |
|  design_1_i/processing_system7_0/inst/FCLK_CLK0 | design_1_i/axi_smc/inst/s00_entry_pipeline/s00_mmu/inst/aw_reg_stall/m_vector_i                                                                                                                     |                                                                                                                                                       |                8 |             37 |
|  design_1_i/processing_system7_0/inst/FCLK_CLK0 | design_1_i/axi_smc/inst/s00_entry_pipeline/s00_mmu/inst/ar_sreg/m_vector_i                                                                                                                          |                                                                                                                                                       |                9 |             38 |
|  design_1_i/processing_system7_0/inst/FCLK_CLK0 | design_1_i/axi_smc/inst/s00_entry_pipeline/s00_mmu/inst/ar_sreg/skid_buffer[1144]_i_1__1_n_0                                                                                                        |                                                                                                                                                       |               10 |             38 |
|  design_1_i/processing_system7_0/inst/FCLK_CLK0 | design_1_i/axi_smc/inst/s00_entry_pipeline/s00_mmu/inst/aw_sreg/skid_buffer[1144]_i_1__2_n_0                                                                                                        |                                                                                                                                                       |                9 |             38 |
|  design_1_i/processing_system7_0/inst/FCLK_CLK0 | design_1_i/axi_smc/inst/s00_entry_pipeline/s00_mmu/inst/aw_sreg/m_vector_i                                                                                                                          |                                                                                                                                                       |                9 |             38 |
|  design_1_i/processing_system7_0/inst/FCLK_CLK0 | design_1_i/conv_0/inst/conv_gmem_m_axi_U/bus_write/buff_wdata/pop                                                                                                                                   | design_1_i/conv_0/inst/conv_gmem_m_axi_U/bus_write/buff_wdata/ap_rst_n_0                                                                              |                9 |             40 |
|  design_1_i/processing_system7_0/inst/FCLK_CLK0 | design_1_i/conv_0/inst/conv_gmem_m_axi_U/bus_read/rs_rdata/push                                                                                                                                     | design_1_i/conv_0/inst/conv_gmem_m_axi_U/bus_write/buff_wdata/ap_rst_n_0                                                                              |               10 |             41 |
|  design_1_i/processing_system7_0/inst/FCLK_CLK0 | design_1_i/conv_0/inst/conv_gmem_m_axi_U/bus_read/buff_rdata/push                                                                                                                                   | design_1_i/conv_0/inst/conv_gmem_m_axi_U/bus_write/buff_wdata/ap_rst_n_0                                                                              |                9 |             41 |
|  design_1_i/processing_system7_0/inst/FCLK_CLK0 |                                                                                                                                                                                                     | design_1_i/axi_smc/inst/s00_entry_pipeline/s00_mmu/inst/areset                                                                                        |               18 |             42 |
|  design_1_i/processing_system7_0/inst/FCLK_CLK0 | design_1_i/conv_0/inst/conv_gmem_m_axi_U/bus_read/rs_rdata/state_reg[0]_3[0]                                                                                                                        |                                                                                                                                                       |               14 |             43 |
|  design_1_i/processing_system7_0/inst/FCLK_CLK0 | design_1_i/ps7_0_axi_periph/s00_couplers/auto_pc/inst/gen_axilite.gen_b2s_conv.axilite_b2s/SI_REG/r.r_pipe/s_ready_i_reg_0                                                                          |                                                                                                                                                       |               12 |             45 |
|  design_1_i/processing_system7_0/inst/FCLK_CLK0 | design_1_i/ps7_0_axi_periph/s00_couplers/auto_pc/inst/gen_axilite.gen_b2s_conv.axilite_b2s/SI_REG/r.r_pipe/p_1_in                                                                                   |                                                                                                                                                       |               10 |             45 |
|  design_1_i/processing_system7_0/inst/FCLK_CLK0 | design_1_i/conv_0/inst/conv_gmem_m_axi_U/bus_read/rs_rdata/ap_CS_fsm_reg[10][0]                                                                                                                     |                                                                                                                                                       |               13 |             47 |
|  design_1_i/processing_system7_0/inst/FCLK_CLK0 | design_1_i/axi_smc/inst/m00_exit_pipeline/m00_exit/inst/aw_reg/skid_buffer[1144]_i_1__2_n_0                                                                                                         |                                                                                                                                                       |               13 |             49 |
|  design_1_i/processing_system7_0/inst/FCLK_CLK0 | design_1_i/axi_smc/inst/m00_exit_pipeline/m00_exit/inst/aw_reg/m_vector_i                                                                                                                           |                                                                                                                                                       |               13 |             49 |
|  design_1_i/processing_system7_0/inst/FCLK_CLK0 | design_1_i/axi_smc/inst/m00_exit_pipeline/m00_exit/inst/ar_reg/skid_buffer[1144]_i_1__1_n_0                                                                                                         |                                                                                                                                                       |               10 |             49 |
|  design_1_i/processing_system7_0/inst/FCLK_CLK0 | design_1_i/axi_smc/inst/m00_exit_pipeline/m00_exit/inst/ar_reg/m_vector_i                                                                                                                           |                                                                                                                                                       |               10 |             49 |
|  design_1_i/processing_system7_0/inst/FCLK_CLK0 | design_1_i/axi_smc/inst/m00_exit_pipeline/m00_exit/inst/splitter_inst/gen_axi3.splitter_inst/aw_cmd_reg/skid_buffer[1144]_i_1_n_0                                                                   |                                                                                                                                                       |               13 |             53 |
|  design_1_i/processing_system7_0/inst/FCLK_CLK0 |                                                                                                                                                                                                     | design_1_i/axi_smc/inst/m00_exit_pipeline/m00_exit/inst/areset                                                                                        |               27 |             54 |
|  design_1_i/processing_system7_0/inst/FCLK_CLK0 | design_1_i/axi_smc/inst/m00_exit_pipeline/m00_exit/inst/splitter_inst/gen_axi3.splitter_inst/ar_cmd_reg/skid_buffer[1144]_i_1__0_n_0                                                                |                                                                                                                                                       |               14 |             54 |
|  design_1_i/processing_system7_0/inst/FCLK_CLK0 | design_1_i/axi_smc/inst/m00_exit_pipeline/m00_exit/inst/splitter_inst/gen_axi3.splitter_inst/aw_cmd_reg/m_vector_i                                                                                  |                                                                                                                                                       |               18 |             58 |
|  design_1_i/processing_system7_0/inst/FCLK_CLK0 | design_1_i/axi_smc/inst/m00_exit_pipeline/m00_exit/inst/splitter_inst/gen_axi3.splitter_inst/ar_cmd_reg/m_vector_i                                                                                  |                                                                                                                                                       |               22 |             63 |
|  design_1_i/processing_system7_0/inst/FCLK_CLK0 | design_1_i/conv_0/inst/conv_gmem_m_axi_U/bus_read/fifo_rctl/next_rreq                                                                                                                               | design_1_i/conv_0/inst/conv_gmem_m_axi_U/bus_write/buff_wdata/ap_rst_n_0                                                                              |               18 |             65 |
|  design_1_i/processing_system7_0/inst/FCLK_CLK0 | design_1_i/conv_0/inst/conv_gmem_m_axi_U/bus_write/bus_equal_gen.fifo_burst/next_wreq                                                                                                               | design_1_i/conv_0/inst/conv_gmem_m_axi_U/bus_write/buff_wdata/ap_rst_n_0                                                                              |               16 |             65 |
|  design_1_i/processing_system7_0/inst/FCLK_CLK0 | design_1_i/axi_smc/inst/m00_exit_pipeline/m00_exit/inst/r_reg/m_vector_i                                                                                                                            |                                                                                                                                                       |               10 |             67 |
|  design_1_i/processing_system7_0/inst/FCLK_CLK0 | design_1_i/axi_smc/inst/m00_exit_pipeline/m00_exit/inst/r_reg/skid_buffer[1122]_i_1_n_0                                                                                                             |                                                                                                                                                       |               12 |             67 |
|  design_1_i/processing_system7_0/inst/FCLK_CLK0 | design_1_i/axi_smc/inst/s00_nodes/s00_aw_node/inst/inst_mi_handler/gen_normal_area.inst_fifo_node_payld/gen_xpm_memory_fifo.inst_fifo/gen_mem_rep[0].inst_rd_addrb/rd_addrb_incr                    | design_1_i/axi_smc/inst/s00_nodes/s00_aw_node/inst/inst_mi_handler/m_sc_areset_r                                                                      |               15 |             68 |
|  design_1_i/processing_system7_0/inst/FCLK_CLK0 | design_1_i/axi_smc/inst/s00_nodes/s00_ar_node/inst/inst_mi_handler/gen_normal_area.inst_fifo_node_payld/gen_xpm_memory_fifo.inst_fifo/gen_mem_rep[0].inst_rd_addrb/rd_addrb_incr                    | design_1_i/axi_smc/inst/s00_nodes/s00_ar_node/inst/inst_mi_handler/m_sc_areset_r                                                                      |               16 |             73 |
|  design_1_i/processing_system7_0/inst/FCLK_CLK0 | design_1_i/axi_smc/inst/m00_exit_pipeline/m00_exit/inst/w_reg/skid_buffer[2056]_i_1_n_0                                                                                                             |                                                                                                                                                       |               16 |             73 |
|  design_1_i/processing_system7_0/inst/FCLK_CLK0 | design_1_i/axi_smc/inst/m00_exit_pipeline/m00_exit/inst/w_reg/m_vector_i                                                                                                                            |                                                                                                                                                       |               15 |             73 |
|  design_1_i/processing_system7_0/inst/FCLK_CLK0 | design_1_i/axi_smc/inst/s00_nodes/s00_r_node/inst/inst_mi_handler/gen_normal_area.inst_fifo_node_payld/gen_xpm_memory_fifo.inst_fifo/gen_mem_rep[0].inst_rd_addrb/rd_addrb_incr                     | design_1_i/axi_smc/inst/s00_nodes/s00_r_node/inst/inst_mi_handler/m_sc_areset_r                                                                       |               16 |             75 |
|  design_1_i/processing_system7_0/inst/FCLK_CLK0 | design_1_i/axi_smc/inst/s00_nodes/s00_w_node/inst/inst_mi_handler/gen_normal_area.inst_fifo_node_payld/gen_xpm_memory_fifo.inst_fifo/gen_mem_rep[0].inst_rd_addrb/rd_addrb_incr                     | design_1_i/axi_smc/inst/s00_nodes/s00_w_node/inst/inst_mi_handler/m_sc_areset_r                                                                       |               17 |             78 |
|  design_1_i/processing_system7_0/inst/FCLK_CLK0 |                                                                                                                                                                                                     | design_1_i/conv_0/inst/conv_gmem_m_axi_U/bus_write/buff_wdata/ap_rst_n_0                                                                              |               47 |             92 |
|  design_1_i/processing_system7_0/inst/FCLK_CLK0 | design_1_i/axi_smc/inst/s00_nodes/s00_aw_node/inst/inst_mi_handler/gen_normal_area.inst_fifo_node_payld/gen_xpm_memory_fifo.inst_fifo/wr_wea                                                        |                                                                                                                                                       |               12 |             96 |
|  design_1_i/processing_system7_0/inst/FCLK_CLK0 | design_1_i/axi_smc/inst/s00_nodes/s00_r_node/inst/inst_mi_handler/gen_normal_area.inst_fifo_node_payld/gen_xpm_memory_fifo.inst_fifo/wr_wea                                                         |                                                                                                                                                       |               13 |            104 |
|  design_1_i/processing_system7_0/inst/FCLK_CLK0 | design_1_i/axi_smc/inst/s00_nodes/s00_ar_node/inst/inst_mi_handler/gen_normal_area.inst_fifo_node_payld/gen_xpm_memory_fifo.inst_fifo/wr_wea                                                        |                                                                                                                                                       |               13 |            104 |
|  design_1_i/processing_system7_0/inst/FCLK_CLK0 | design_1_i/axi_smc/inst/s00_nodes/s00_w_node/inst/inst_mi_handler/gen_normal_area.inst_fifo_node_payld/gen_xpm_memory_fifo.inst_fifo/wr_wea                                                         |                                                                                                                                                       |               13 |            104 |
|  design_1_i/processing_system7_0/inst/FCLK_CLK0 |                                                                                                                                                                                                     |                                                                                                                                                       |               90 |            203 |
|  design_1_i/processing_system7_0/inst/FCLK_CLK0 | design_1_i/conv_0/inst/conv_gmem_m_axi_U/bus_read/rs_rreq/exitcond_flatten_reg_1084_reg[0]_0[0]                                                                                                     |                                                                                                                                                       |               66 |            238 |
|  design_1_i/processing_system7_0/inst/FCLK_CLK0 | design_1_i/conv_0/inst/conv_AXILiteS_s_axi_U/ap_NS_fsm1                                                                                                                                             |                                                                                                                                                       |               94 |            323 |
+-------------------------------------------------+-----------------------------------------------------------------------------------------------------------------------------------------------------------------------------------------------------+-------------------------------------------------------------------------------------------------------------------------------------------------------+------------------+----------------+


