INFO: [SIM 2] *************** CSIM start ***************
INFO: [SIM 4] CSIM will launch GCC as the compiler.
   Compiling ../../../../conv_test.cpp in debug mode
   Compiling ../../../../conv.cpp in debug mode
   Generating csim.exe
{
{984,1009,1034,1059,1084,1109,1134,1159,1184,1209,1234,1259,1284,1309,1334,1359,1384,1409,1434,1459,1484,1509,1534,1559,1584,1609}
{1684,1709,1734,1759,1784,1809,1834,1859,1884,1909,1934,1959,1984,2009,2034,2059,2084,2109,2134,2159,2184,2209,2234,2259,2284,2309}
{2384,2409,2434,2459,2484,2509,2534,2559,2584,2609,2634,2659,2684,2709,2734,2759,2784,2809,2834,2859,2884,2909,2934,2959,2984,3009}
{3084,3109,3134,3159,3184,3209,3234,3259,3284,3309,3334,3359,3384,3409,3434,3459,3484,3509,3534,3559,3584,3609,3634,3659,3684,3709}
{3784,3809,3834,3859,3884,3909,3934,3959,3984,4009,4034,4059,4084,4109,4134,4159,4184,4209,4234,4259,4284,4309,4334,4359,4384,4409}
{4484,4509,4534,4559,4584,4609,4634,4659,4684,4709,4734,4759,4784,4809,4834,4859,4884,4909,4934,4959,4984,5009,5034,5059,5084,5109}
{5184,5209,5234,5259,5284,5309,5334,5359,5384,5409,5434,5459,5484,5509,5534,5559,5584,5609,5634,5659,5684,5709,5734,5759,5784,5809}
{5884,5909,5934,5959,5984,6009,6034,6059,6084,6109,6134,6159,6184,6209,6234,6259,6284,6309,6334,6359,6384,6409,6434,6459,6484,6509}
{6584,6609,6634,6659,6684,6709,6734,6759,6784,6809,6834,6859,6884,6909,6934,6959,6984,7009,7034,7059,7084,7109,7134,7159,7184,7209}
{7284,7309,7334,7359,7384,7409,7434,7459,7484,7509,7534,7559,7584,7609,7634,7659,7684,7709,7734,7759,7784,7809,7834,7859,7884,7909}
{7984,8009,8034,8059,8084,8109,8134,8159,8184,8209,8234,8259,8284,8309,8334,8359,8384,8409,8434,8459,8484,8509,8534,8559,8584,8609}
{8684,8709,8734,8759,8784,8809,8834,8859,8884,8909,8934,8959,8984,9009,9034,9059,9084,9109,9134,9159,9184,9209,9234,9259,9284,9309}
{9384,9409,9434,9459,9484,9509,9534,9559,9584,9609,9634,9659,9684,9709,9734,9759,9784,9809,9834,9859,9884,9909,9934,9959,9984,10009}
{10084,10109,10134,10159,10184,10209,10234,10259,10284,10309,10334,10359,10384,10409,10434,10459,10484,10509,10534,10559,10584,10609,10634,10659,10684,10709}
{10784,10809,10834,10859,10884,10909,10934,10959,10984,11009,11034,11059,11084,11109,11134,11159,11184,11209,11234,11259,11284,11309,11334,11359,11384,11409}
{11484,11509,11534,11559,11584,11609,11634,11659,11684,11709,11734,11759,11784,11809,11834,11859,11884,11909,11934,11959,11984,12009,12034,12059,12084,12109}
{12184,12209,12234,12259,12284,12309,12334,12359,12384,12409,12434,12459,12484,12509,12534,12559,12584,12609,12634,12659,12684,12709,12734,12759,12784,12809}
{12884,12909,12934,12959,12984,13009,13034,13059,13084,13109,13134,13159,13184,13209,13234,13259,13284,13309,13334,13359,13384,13409,13434,13459,13484,13509}
{13584,13609,13634,13659,13684,13709,13734,13759,13784,13809,13834,13859,13884,13909,13934,13959,13984,14009,14034,14059,14084,14109,14134,14159,14184,14209}
{14284,14309,14334,14359,14384,14409,14434,14459,14484,14509,14534,14559,14584,14609,14634,14659,14684,14709,14734,14759,14784,14809,14834,14859,14884,14909}
{14984,15009,15034,15059,15084,15109,15134,15159,15184,15209,15234,15259,15284,15309,15334,15359,15384,15409,15434,15459,15484,15509,15534,15559,15584,15609}
{15684,15709,15734,15759,15784,15809,15834,15859,15884,15909,15934,15959,15984,16009,16034,16059,16084,16109,16134,16159,16184,16209,16234,16259,16284,16309}
{16384,16409,16434,16459,16484,16509,16534,16559,16584,16609,16634,16659,16684,16709,16734,16759,16784,16809,16834,16859,16884,16909,16934,16959,16984,17009}
{17084,17109,17134,17159,17184,17209,17234,17259,17284,17309,17334,17359,17384,17409,17434,17459,17484,17509,17534,17559,17584,17609,17634,17659,17684,17709}
{17784,17809,17834,17859,17884,17909,17934,17959,17984,18009,18034,18059,18084,18109,18134,18159,18184,18209,18234,18259,18284,18309,18334,18359,18384,18409}
{18484,18509,18534,18559,18584,18609,18634,18659,18684,18709,18734,18759,18784,18809,18834,18859,18884,18909,18934,18959,18984,19009,19034,19059,19084,19109}
}
Test passed.
INFO: [SIM 1] CSim done with 0 errors.
INFO: [SIM 3] *************** CSIM finish ***************
